c:\users\shalltearmoist\documents\github\squad-exporter\squad-exporter\x64\debug\vc143.pdb
c:\users\shalltearmoist\documents\github\squad-exporter\squad-exporter\x64\debug\vc143.idb
c:\users\shalltearmoist\documents\github\squad-exporter\squad-exporter\x64\debug\plugindefinition.obj
c:\users\shalltearmoist\documents\github\squad-exporter\squad-exporter\x64\debug\nppplugindemo.obj
c:\users\shalltearmoist\documents\github\squad-exporter\squad-exporter\x64\debug\staticdialog.obj
c:\users\shalltearmoist\documents\github\squad-exporter\squad-exporter\x64\debug\gotolinedlg.obj
c:\users\shalltearmoist\documents\github\squad-exporter\x64\debug\squad-exporter.dll
c:\users\shalltearmoist\documents\github\squad-exporter\x64\debug\squad-exporter.pdb
c:\users\shalltearmoist\documents\github\squad-exporter\squad-exporter\x64\debug\goline.res
c:\users\shalltearmoist\documents\github\squad-exporter\squad-exporter\x64\debug\nppplugindemo.res
c:\users\shalltearmoist\documents\github\squad-exporter\x64\debug\squad-exporter.lib
c:\users\shalltearmoist\documents\github\squad-exporter\x64\debug\squad-exporter.exp
c:\users\shalltearmoist\documents\github\squad-exporter\squad-exporter\x64\debug\squad-exporter.ilk
c:\users\shalltearmoist\documents\github\squad-exporter\squad-exporter\x64\debug\squad-exporter.tlog\cl.command.1.tlog
c:\users\shalltearmoist\documents\github\squad-exporter\squad-exporter\x64\debug\squad-exporter.tlog\cl.items.tlog
c:\users\shalltearmoist\documents\github\squad-exporter\squad-exporter\x64\debug\squad-exporter.tlog\cl.read.1.tlog
c:\users\shalltearmoist\documents\github\squad-exporter\squad-exporter\x64\debug\squad-exporter.tlog\cl.write.1.tlog
c:\users\shalltearmoist\documents\github\squad-exporter\squad-exporter\x64\debug\squad-exporter.tlog\link.command.1.tlog
c:\users\shalltearmoist\documents\github\squad-exporter\squad-exporter\x64\debug\squad-exporter.tlog\link.read.1.tlog
c:\users\shalltearmoist\documents\github\squad-exporter\squad-exporter\x64\debug\squad-exporter.tlog\link.secondary.1.tlog
c:\users\shalltearmoist\documents\github\squad-exporter\squad-exporter\x64\debug\squad-exporter.tlog\link.write.1.tlog
c:\users\shalltearmoist\documents\github\squad-exporter\squad-exporter\x64\debug\squad-exporter.tlog\rc.command.1.tlog
c:\users\shalltearmoist\documents\github\squad-exporter\squad-exporter\x64\debug\squad-exporter.tlog\rc.read.1.tlog
c:\users\shalltearmoist\documents\github\squad-exporter\squad-exporter\x64\debug\squad-exporter.tlog\rc.write.1.tlog
