w:\code editor project\plugintemplate-4.4\vs.proj\nppplugi.9d04dbd5\x64\release\vc143.pdb
w:\code editor project\plugintemplate-4.4\vs.proj\nppplugi.9d04dbd5\x64\release\plugindefinition.obj
w:\code editor project\plugintemplate-4.4\vs.proj\nppplugi.9d04dbd5\x64\release\nppplugindemo.obj
w:\code editor project\plugintemplate-4.4\vs.proj\nppplugi.9d04dbd5\x64\release\staticdialog.obj
w:\code editor project\plugintemplate-4.4\vs.proj\nppplugi.9d04dbd5\x64\release\gotolinedlg.obj
w:\code editor project\plugintemplate-4.4\bin64\nppplugintemplate.dll
w:\code editor project\plugintemplate-4.4\vs.proj\nppplugi.9d04dbd5\x64\release\goline.res
w:\code editor project\plugintemplate-4.4\vs.proj\nppplugi.9d04dbd5\x64\release\nppplugindemo.res
w:\code editor project\plugintemplate-4.4\vs.proj\nppplugintemplate.lib
w:\code editor project\plugintemplate-4.4\vs.proj\nppplugintemplate.exp
w:\code editor project\plugintemplate-4.4\vs.proj\nppplugi.9d04dbd5\x64\release\nppplugintemplate.ipdb
w:\code editor project\plugintemplate-4.4\vs.proj\nppplugi.9d04dbd5\x64\release\nppplugintemplate.iobj
w:\code editor project\plugintemplate-4.4\vs.proj\nppplugi.9d04dbd5\x64\release\nppplugi.9d04dbd5.tlog\cl.command.1.tlog
w:\code editor project\plugintemplate-4.4\vs.proj\nppplugi.9d04dbd5\x64\release\nppplugi.9d04dbd5.tlog\cl.items.tlog
w:\code editor project\plugintemplate-4.4\vs.proj\nppplugi.9d04dbd5\x64\release\nppplugi.9d04dbd5.tlog\cl.read.1.tlog
w:\code editor project\plugintemplate-4.4\vs.proj\nppplugi.9d04dbd5\x64\release\nppplugi.9d04dbd5.tlog\cl.write.1.tlog
w:\code editor project\plugintemplate-4.4\vs.proj\nppplugi.9d04dbd5\x64\release\nppplugi.9d04dbd5.tlog\link.command.1.tlog
w:\code editor project\plugintemplate-4.4\vs.proj\nppplugi.9d04dbd5\x64\release\nppplugi.9d04dbd5.tlog\link.read.1.tlog
w:\code editor project\plugintemplate-4.4\vs.proj\nppplugi.9d04dbd5\x64\release\nppplugi.9d04dbd5.tlog\link.secondary.1.tlog
w:\code editor project\plugintemplate-4.4\vs.proj\nppplugi.9d04dbd5\x64\release\nppplugi.9d04dbd5.tlog\link.write.1.tlog
w:\code editor project\plugintemplate-4.4\vs.proj\nppplugi.9d04dbd5\x64\release\nppplugi.9d04dbd5.tlog\rc.command.1.tlog
w:\code editor project\plugintemplate-4.4\vs.proj\nppplugi.9d04dbd5\x64\release\nppplugi.9d04dbd5.tlog\rc.read.1.tlog
w:\code editor project\plugintemplate-4.4\vs.proj\nppplugi.9d04dbd5\x64\release\nppplugi.9d04dbd5.tlog\rc.write.1.tlog
